  LongRunningOperation.cpp
  mutex.cpp
  AboutDlg.cpp
  ansiCharPanel.cpp
C:\Program Files (x86)\Microsoft Visual Studio 14.0\VC\include\yvals.h(112): error C2338: /RTCc rejects conformant code, so it isn't supported by the C++ Standard Library. Either remove this compiler option, or define _ALLOW_RTCc_IN_STL to acknowledge that you have received this warning. (compiling source file ..\src\MISC\Common\mutex.cpp)
  AutoCompletion.cpp
C:\Program Files (x86)\Microsoft Visual Studio 14.0\VC\include\yvals.h(112): error C2338: /RTCc rejects conformant code, so it isn't supported by the C++ Standard Library. Either remove this compiler option, or define _ALLOW_RTCc_IN_STL to acknowledge that you have received this warning. (compiling source file ..\src\WinControls\AnsiCharPanel\ansiCharPanel.cpp)
C:\Program Files (x86)\Microsoft Visual Studio 14.0\VC\include\yvals.h(112): error C2338: /RTCc rejects conformant code, so it isn't supported by the C++ Standard Library. Either remove this compiler option, or define _ALLOW_RTCc_IN_STL to acknowledge that you have received this warning. (compiling source file ..\src\ScitillaComponent\AutoCompletion.cpp)
C:\Program Files (x86)\Microsoft Visual Studio 14.0\VC\include\yvals.h(112): error C2338: /RTCc rejects conformant code, so it isn't supported by the C++ Standard Library. Either remove this compiler option, or define _ALLOW_RTCc_IN_STL to acknowledge that you have received this warning. (compiling source file ..\src\WinControls\AboutDlg\AboutDlg.cpp)
  BabyGrid.cpp
C:\Program Files (x86)\Microsoft Visual Studio 14.0\VC\include\yvals.h(112): error C2338: /RTCc rejects conformant code, so it isn't supported by the C++ Standard Library. Either remove this compiler option, or define _ALLOW_RTCc_IN_STL to acknowledge that you have received this warning. (compiling source file ..\src\WinControls\Grid\BabyGrid.cpp)
  BabyGridWrapper.cpp
  Buffer.cpp
C:\Program Files (x86)\Microsoft Visual Studio 14.0\VC\include\yvals.h(112): error C2338: /RTCc rejects conformant code, so it isn't supported by the C++ Standard Library. Either remove this compiler option, or define _ALLOW_RTCc_IN_STL to acknowledge that you have received this warning. (compiling source file ..\src\ScitillaComponent\Buffer.cpp)
  CharDistribution.cpp
  clipboardHistoryPanel.cpp
  ColourPicker.cpp
  ColourPopup.cpp
C:\Program Files (x86)\Microsoft Visual Studio 14.0\VC\include\yvals.h(112): error C2338: /RTCc rejects conformant code, so it isn't supported by the C++ Standard Library. Either remove this compiler option, or define _ALLOW_RTCc_IN_STL to acknowledge that you have received this warning. (compiling source file ..\src\WinControls\ColourPicker\ColourPicker.cpp)
C:\Program Files (x86)\Microsoft Visual Studio 14.0\VC\include\yvals.h(112): error C2338: /RTCc rejects conformant code, so it isn't supported by the C++ Standard Library. Either remove this compiler option, or define _ALLOW_RTCc_IN_STL to acknowledge that you have received this warning. (compiling source file ..\src\WinControls\ColourPicker\ColourPopup.cpp)
C:\Program Files (x86)\Microsoft Visual Studio 14.0\VC\include\yvals.h(112): error C2338: /RTCc rejects conformant code, so it isn't supported by the C++ Standard Library. Either remove this compiler option, or define _ALLOW_RTCc_IN_STL to acknowledge that you have received this warning. (compiling source file ..\src\WinControls\ClipboardHistory\clipboardHistoryPanel.cpp)
  columnEditor.cpp
C:\Program Files (x86)\Microsoft Visual Studio 14.0\VC\include\yvals.h(112): error C2338: /RTCc rejects conformant code, so it isn't supported by the C++ Standard Library. Either remove this compiler option, or define _ALLOW_RTCc_IN_STL to acknowledge that you have received this warning. (compiling source file ..\src\ScitillaComponent\columnEditor.cpp)
  Common.cpp
C:\Program Files (x86)\Microsoft Visual Studio 14.0\VC\include\yvals.h(112): error C2338: /RTCc rejects conformant code, so it isn't supported by the C++ Standard Library. Either remove this compiler option, or define _ALLOW_RTCc_IN_STL to acknowledge that you have received this warning. (compiling source file ..\src\MISC\Common\Common.cpp)
  ContextMenu.cpp
C:\Program Files (x86)\Microsoft Visual Studio 14.0\VC\include\yvals.h(112): error C2338: /RTCc rejects conformant code, so it isn't supported by the C++ Standard Library. Either remove this compiler option, or define _ALLOW_RTCc_IN_STL to acknowledge that you have received this warning. (compiling source file ..\src\WinControls\ContextMenu\ContextMenu.cpp)
  ControlsTab.cpp
  DockingCont.cpp
C:\Program Files (x86)\Microsoft Visual Studio 14.0\VC\include\yvals.h(112): error C2338: /RTCc rejects conformant code, so it isn't supported by the C++ Standard Library. Either remove this compiler option, or define _ALLOW_RTCc_IN_STL to acknowledge that you have received this warning. (compiling source file ..\src\WinControls\TabBar\ControlsTab.cpp)
  DockingManager.cpp
C:\Program Files (x86)\Microsoft Visual Studio 14.0\VC\include\yvals.h(112): error C2338: /RTCc rejects conformant code, so it isn't supported by the C++ Standard Library. Either remove this compiler option, or define _ALLOW_RTCc_IN_STL to acknowledge that you have received this warning. (compiling source file ..\src\WinControls\DockingWnd\DockingManager.cpp)
C:\Program Files (x86)\Microsoft Visual Studio 14.0\VC\include\yvals.h(112): error C2338: /RTCc rejects conformant code, so it isn't supported by the C++ Standard Library. Either remove this compiler option, or define _ALLOW_RTCc_IN_STL to acknowledge that you have received this warning. (compiling source file ..\src\WinControls\DockingWnd\DockingCont.cpp)
  DockingSplitter.cpp
C:\Program Files (x86)\Microsoft Visual Studio 14.0\VC\include\yvals.h(112): error C2338: /RTCc rejects conformant code, so it isn't supported by the C++ Standard Library. Either remove this compiler option, or define _ALLOW_RTCc_IN_STL to acknowledge that you have received this warning. (compiling source file ..\src\WinControls\DockingWnd\DockingSplitter.cpp)
  DocTabView.cpp
C:\Program Files (x86)\Microsoft Visual Studio 14.0\VC\include\yvals.h(112): error C2338: /RTCc rejects conformant code, so it isn't supported by the C++ Standard Library. Either remove this compiler option, or define _ALLOW_RTCc_IN_STL to acknowledge that you have received this warning. (compiling source file ..\src\ScitillaComponent\DocTabView.cpp)
  documentMap.cpp
  EncodingMapper.cpp
  FileDialog.cpp
  FindCharsInRange.cpp
C:\Program Files (x86)\Microsoft Visual Studio 14.0\VC\include\yvals.h(112): error C2338: /RTCc rejects conformant code, so it isn't supported by the C++ Standard Library. Either remove this compiler option, or define _ALLOW_RTCc_IN_STL to acknowledge that you have received this warning. (compiling source file ..\src\WinControls\DocumentMap\documentMap.cpp)
C:\Program Files (x86)\Microsoft Visual Studio 14.0\VC\include\yvals.h(112): error C2338: /RTCc rejects conformant code, so it isn't supported by the C++ Standard Library. Either remove this compiler option, or define _ALLOW_RTCc_IN_STL to acknowledge that you have received this warning. (compiling source file ..\src\WinControls\OpenSaveFileDialog\FileDialog.cpp)
  FindReplaceDlg.cpp
C:\Program Files (x86)\Microsoft Visual Studio 14.0\VC\include\yvals.h(112): error C2338: /RTCc rejects conformant code, so it isn't supported by the C++ Standard Library. Either remove this compiler option, or define _ALLOW_RTCc_IN_STL to acknowledge that you have received this warning. (compiling source file ..\src\WinControls\FindCharsInRange\FindCharsInRange.cpp)
  FunctionCallTip.cpp
C:\Program Files (x86)\Microsoft Visual Studio 14.0\VC\include\yvals.h(112): error C2338: /RTCc rejects conformant code, so it isn't supported by the C++ Standard Library. Either remove this compiler option, or define _ALLOW_RTCc_IN_STL to acknowledge that you have received this warning. (compiling source file ..\src\ScitillaComponent\FindReplaceDlg.cpp)
  functionListPanel.cpp
  functionParser.cpp
C:\Program Files (x86)\Microsoft Visual Studio 14.0\VC\include\yvals.h(112): error C2338: /RTCc rejects conformant code, so it isn't supported by the C++ Standard Library. Either remove this compiler option, or define _ALLOW_RTCc_IN_STL to acknowledge that you have received this warning. (compiling source file ..\src\ScitillaComponent\FunctionCallTip.cpp)
C:\Program Files (x86)\Microsoft Visual Studio 14.0\VC\include\yvals.h(112): error C2338: /RTCc rejects conformant code, so it isn't supported by the C++ Standard Library. Either remove this compiler option, or define _ALLOW_RTCc_IN_STL to acknowledge that you have received this warning. (compiling source file ..\src\WinControls\FunctionList\functionListPanel.cpp)
C:\Program Files (x86)\Microsoft Visual Studio 14.0\VC\include\yvals.h(112): error C2338: /RTCc rejects conformant code, so it isn't supported by the C++ Standard Library. Either remove this compiler option, or define _ALLOW_RTCc_IN_STL to acknowledge that you have received this warning. (compiling source file ..\src\WinControls\FunctionList\functionParser.cpp)
  GoToLineDlg.cpp
  Gripper.cpp
C:\Program Files (x86)\Microsoft Visual Studio 14.0\VC\include\yvals.h(112): error C2338: /RTCc rejects conformant code, so it isn't supported by the C++ Standard Library. Either remove this compiler option, or define _ALLOW_RTCc_IN_STL to acknowledge that you have received this warning. (compiling source file ..\src\WinControls\DockingWnd\Gripper.cpp)
  IDAllocator.cpp
C:\Program Files (x86)\Microsoft Visual Studio 14.0\VC\include\yvals.h(112): error C2338: /RTCc rejects conformant code, so it isn't supported by the C++ Standard Library. Either remove this compiler option, or define _ALLOW_RTCc_IN_STL to acknowledge that you have received this warning. (compiling source file ..\src\ScitillaComponent\GoToLineDlg.cpp)
  ImageListSet.cpp
C:\Program Files (x86)\Microsoft Visual Studio 14.0\VC\include\yvals.h(112): error C2338: /RTCc rejects conformant code, so it isn't supported by the C++ Standard Library. Either remove this compiler option, or define _ALLOW_RTCc_IN_STL to acknowledge that you have received this warning. (compiling source file ..\src\WinControls\ImageListSet\ImageListSet.cpp)
  JpCntx.cpp
  LangBulgarianModel.cpp
  LangCyrillicModel.cpp
  LangGreekModel.cpp
  LangHebrewModel.cpp
  LangHungarianModel.cpp
  LangThaiModel.cpp
  lastRecentFileList.cpp
  lesDlgs.cpp
  ListView.cpp
C:\Program Files (x86)\Microsoft Visual Studio 14.0\VC\include\yvals.h(112): error C2338: /RTCc rejects conformant code, so it isn't supported by the C++ Standard Library. Either remove this compiler option, or define _ALLOW_RTCc_IN_STL to acknowledge that you have received this warning. (compiling source file ..\src\WinControls\AnsiCharPanel\ListView.cpp)
  localization.cpp
C:\Program Files (x86)\Microsoft Visual Studio 14.0\VC\include\yvals.h(112): error C2338: /RTCc rejects conformant code, so it isn't supported by the C++ Standard Library. Either remove this compiler option, or define _ALLOW_RTCc_IN_STL to acknowledge that you have received this warning. (compiling source file ..\src\lastRecentFileList.cpp)
C:\Program Files (x86)\Microsoft Visual Studio 14.0\VC\include\yvals.h(112): error C2338: /RTCc rejects conformant code, so it isn't supported by the C++ Standard Library. Either remove this compiler option, or define _ALLOW_RTCc_IN_STL to acknowledge that you have received this warning. (compiling source file ..\src\lesDlgs.cpp)
  MiniDumper.cpp
C:\Program Files (x86)\Microsoft Visual Studio 14.0\VC\include\yvals.h(112): error C2338: /RTCc rejects conformant code, so it isn't supported by the C++ Standard Library. Either remove this compiler option, or define _ALLOW_RTCc_IN_STL to acknowledge that you have received this warning. (compiling source file ..\src\localization.cpp)
  Notepad_plus.cpp
  Notepad_plus_Window.cpp
  NppBigSwitch.cpp
C:\Program Files (x86)\Microsoft Visual Studio 14.0\VC\include\yvals.h(112): error C2338: /RTCc rejects conformant code, so it isn't supported by the C++ Standard Library. Either remove this compiler option, or define _ALLOW_RTCc_IN_STL to acknowledge that you have received this warning. (compiling source file ..\src\NppBigSwitch.cpp)
C:\Program Files (x86)\Microsoft Visual Studio 14.0\VC\include\yvals.h(112): error C2338: /RTCc rejects conformant code, so it isn't supported by the C++ Standard Library. Either remove this compiler option, or define _ALLOW_RTCc_IN_STL to acknowledge that you have received this warning. (compiling source file ..\src\Notepad_plus.cpp)
C:\Program Files (x86)\Microsoft Visual Studio 14.0\VC\include\yvals.h(112): error C2338: /RTCc rejects conformant code, so it isn't supported by the C++ Standard Library. Either remove this compiler option, or define _ALLOW_RTCc_IN_STL to acknowledge that you have received this warning. (compiling source file ..\src\Notepad_plus_Window.cpp)
  NppCommands.cpp
C:\Program Files (x86)\Microsoft Visual Studio 14.0\VC\include\yvals.h(112): error C2338: /RTCc rejects conformant code, so it isn't supported by the C++ Standard Library. Either remove this compiler option, or define _ALLOW_RTCc_IN_STL to acknowledge that you have received this warning. (compiling source file ..\src\NppCommands.cpp)
  NppIO.cpp
  NppNotification.cpp
  nsBig5Prober.cpp
  nsCharSetProber.cpp
  nsEscCharsetProber.cpp
  nsEscSM.cpp
  nsEUCJPProber.cpp
  nsEUCKRProber.cpp
C:\Program Files (x86)\Microsoft Visual Studio 14.0\VC\include\yvals.h(112): error C2338: /RTCc rejects conformant code, so it isn't supported by the C++ Standard Library. Either remove this compiler option, or define _ALLOW_RTCc_IN_STL to acknowledge that you have received this warning. (compiling source file ..\src\NppNotification.cpp)
  nsEUCTWProber.cpp
  nsGB2312Prober.cpp
C:\Program Files (x86)\Microsoft Visual Studio 14.0\VC\include\yvals.h(112): error C2338: /RTCc rejects conformant code, so it isn't supported by the C++ Standard Library. Either remove this compiler option, or define _ALLOW_RTCc_IN_STL to acknowledge that you have received this warning. (compiling source file ..\src\NppIO.cpp)
  nsHebrewProber.cpp
  nsLatin1Prober.cpp
  nsMBCSGroupProber.cpp
  nsMBCSSM.cpp
  nsSBCharSetProber.cpp
  nsSBCSGroupProber.cpp
  nsSJISProber.cpp
  nsUniversalDetector.cpp
  nsUTF8Prober.cpp
  Parameters.cpp
  PluginsManager.cpp
C:\Program Files (x86)\Microsoft Visual Studio 14.0\VC\include\yvals.h(112): error C2338: /RTCc rejects conformant code, so it isn't supported by the C++ Standard Library. Either remove this compiler option, or define _ALLOW_RTCc_IN_STL to acknowledge that you have received this warning. (compiling source file ..\src\Misc\PluginsManager\PluginsManager.cpp)
C:\Program Files (x86)\Microsoft Visual Studio 14.0\VC\include\yvals.h(112): error C2338: /RTCc rejects conformant code, so it isn't supported by the C++ Standard Library. Either remove this compiler option, or define _ALLOW_RTCc_IN_STL to acknowledge that you have received this warning. (compiling source file ..\src\Parameters.cpp)
  preferenceDlg.cpp
  Printer.cpp
  Processus.cpp
C:\Program Files (x86)\Microsoft Visual Studio 14.0\VC\include\yvals.h(112): error C2338: /RTCc rejects conformant code, so it isn't supported by the C++ Standard Library. Either remove this compiler option, or define _ALLOW_RTCc_IN_STL to acknowledge that you have received this warning. (compiling source file ..\src\WinControls\Preference\preferenceDlg.cpp)
C:\Program Files (x86)\Microsoft Visual Studio 14.0\VC\include\yvals.h(112): error C2338: /RTCc rejects conformant code, so it isn't supported by the C++ Standard Library. Either remove this compiler option, or define _ALLOW_RTCc_IN_STL to acknowledge that you have received this warning. (compiling source file ..\src\ScitillaComponent\Printer.cpp)
  ProjectPanel.cpp
C:\Program Files (x86)\Microsoft Visual Studio 14.0\VC\include\yvals.h(112): error C2338: /RTCc rejects conformant code, so it isn't supported by the C++ Standard Library. Either remove this compiler option, or define _ALLOW_RTCc_IN_STL to acknowledge that you have received this warning. (compiling source file ..\src\MISC\Process\Processus.cpp)
  regExtDlg.cpp
C:\Program Files (x86)\Microsoft Visual Studio 14.0\VC\include\yvals.h(112): error C2338: /RTCc rejects conformant code, so it isn't supported by the C++ Standard Library. Either remove this compiler option, or define _ALLOW_RTCc_IN_STL to acknowledge that you have received this warning. (compiling source file ..\src\WinControls\ProjectPanel\ProjectPanel.cpp)
C:\Program Files (x86)\Microsoft Visual Studio 14.0\VC\include\yvals.h(112): error C2338: /RTCc rejects conformant code, so it isn't supported by the C++ Standard Library. Either remove this compiler option, or define _ALLOW_RTCc_IN_STL to acknowledge that you have received this warning. (compiling source file ..\src\MISC\RegExt\regExtDlg.cpp)
  RunDlg.cpp
  RunMacroDlg.cpp
  ScintillaCtrls.cpp
C:\Program Files (x86)\Microsoft Visual Studio 14.0\VC\include\yvals.h(112): error C2338: /RTCc rejects conformant code, so it isn't supported by the C++ Standard Library. Either remove this compiler option, or define _ALLOW_RTCc_IN_STL to acknowledge that you have received this warning. (compiling source file ..\src\WinControls\StaticDialog\RunDlg\RunDlg.cpp)
C:\Program Files (x86)\Microsoft Visual Studio 14.0\VC\include\yvals.h(112): error C2338: /RTCc rejects conformant code, so it isn't supported by the C++ Standard Library. Either remove this compiler option, or define _ALLOW_RTCc_IN_STL to acknowledge that you have received this warning. (compiling source file ..\src\ScitillaComponent\ScintillaCtrls.cpp)
  ScintillaEditView.cpp
C:\Program Files (x86)\Microsoft Visual Studio 14.0\VC\include\yvals.h(112): error C2338: /RTCc rejects conformant code, so it isn't supported by the C++ Standard Library. Either remove this compiler option, or define _ALLOW_RTCc_IN_STL to acknowledge that you have received this warning. (compiling source file ..\src\WinControls\shortcut\RunMacroDlg.cpp)
C:\Program Files (x86)\Microsoft Visual Studio 14.0\VC\include\yvals.h(112): error C2338: /RTCc rejects conformant code, so it isn't supported by the C++ Standard Library. Either remove this compiler option, or define _ALLOW_RTCc_IN_STL to acknowledge that you have received this warning. (compiling source file ..\src\ScitillaComponent\ScintillaEditView.cpp)
  shortcut.cpp
C:\Program Files (x86)\Microsoft Visual Studio 14.0\VC\include\yvals.h(112): error C2338: /RTCc rejects conformant code, so it isn't supported by the C++ Standard Library. Either remove this compiler option, or define _ALLOW_RTCc_IN_STL to acknowledge that you have received this warning. (compiling source file ..\src\WinControls\shortcut\shortcut.cpp)
  ShortcutMapper.cpp
  SizeableDlg.cpp
  SmartHighlighter.cpp
C:\Program Files (x86)\Microsoft Visual Studio 14.0\VC\include\yvals.h(112): error C2338: /RTCc rejects conformant code, so it isn't supported by the C++ Standard Library. Either remove this compiler option, or define _ALLOW_RTCc_IN_STL to acknowledge that you have received this warning. (compiling source file ..\src\WinControls\Grid\ShortcutMapper.cpp)
C:\Program Files (x86)\Microsoft Visual Studio 14.0\VC\include\yvals.h(112): error C2338: /RTCc rejects conformant code, so it isn't supported by the C++ Standard Library. Either remove this compiler option, or define _ALLOW_RTCc_IN_STL to acknowledge that you have received this warning. (compiling source file ..\src\ScitillaComponent\SmartHighlighter.cpp)
C:\Program Files (x86)\Microsoft Visual Studio 14.0\VC\include\yvals.h(112): error C2338: /RTCc rejects conformant code, so it isn't supported by the C++ Standard Library. Either remove this compiler option, or define _ALLOW_RTCc_IN_STL to acknowledge that you have received this warning. (compiling source file ..\src\WinControls\WindowsDlg\SizeableDlg.cpp)
  Splitter.cpp
C:\Program Files (x86)\Microsoft Visual Studio 14.0\VC\include\yvals.h(112): error C2338: /RTCc rejects conformant code, so it isn't supported by the C++ Standard Library. Either remove this compiler option, or define _ALLOW_RTCc_IN_STL to acknowledge that you have received this warning. (compiling source file ..\src\WinControls\SplitterContainer\Splitter.cpp)
  SplitterContainer.cpp
C:\Program Files (x86)\Microsoft Visual Studio 14.0\VC\include\yvals.h(112): error C2338: /RTCc rejects conformant code, so it isn't supported by the C++ Standard Library. Either remove this compiler option, or define _ALLOW_RTCc_IN_STL to acknowledge that you have received this warning. (compiling source file ..\src\WinControls\SplitterContainer\SplitterContainer.cpp)
  StaticDialog.cpp
  StatusBar.cpp
  TabBar.cpp
C:\Program Files (x86)\Microsoft Visual Studio 14.0\VC\include\yvals.h(112): error C2338: /RTCc rejects conformant code, so it isn't supported by the C++ Standard Library. Either remove this compiler option, or define _ALLOW_RTCc_IN_STL to acknowledge that you have received this warning. (compiling source file ..\src\WinControls\StatusBar\StatusBar.cpp)
C:\Program Files (x86)\Microsoft Visual Studio 14.0\VC\include\yvals.h(112): error C2338: /RTCc rejects conformant code, so it isn't supported by the C++ Standard Library. Either remove this compiler option, or define _ALLOW_RTCc_IN_STL to acknowledge that you have received this warning. (compiling source file ..\src\WinControls\TabBar\TabBar.cpp)
  TaskList.cpp
C:\Program Files (x86)\Microsoft Visual Studio 14.0\VC\include\yvals.h(112): error C2338: /RTCc rejects conformant code, so it isn't supported by the C++ Standard Library. Either remove this compiler option, or define _ALLOW_RTCc_IN_STL to acknowledge that you have received this warning. (compiling source file ..\src\WinControls\TaskList\TaskList.cpp)
  TaskListDlg.cpp
C:\Program Files (x86)\Microsoft Visual Studio 14.0\VC\include\yvals.h(112): error C2338: /RTCc rejects conformant code, so it isn't supported by the C++ Standard Library. Either remove this compiler option, or define _ALLOW_RTCc_IN_STL to acknowledge that you have received this warning. (compiling source file ..\src\WinControls\TaskList\TaskListDlg.cpp)
  tinystr.cpp
  tinystrA.cpp
  tinyxml.cpp
C:\Program Files (x86)\Microsoft Visual Studio 14.0\VC\include\yvals.h(112): error C2338: /RTCc rejects conformant code, so it isn't supported by the C++ Standard Library. Either remove this compiler option, or define _ALLOW_RTCc_IN_STL to acknowledge that you have received this warning. (compiling source file ..\src\TinyXml\tinyxml.cpp)
C:\Program Files (x86)\Microsoft Visual Studio 14.0\VC\include\yvals.h(112): error C2338: /RTCc rejects conformant code, so it isn't supported by the C++ Standard Library. Either remove this compiler option, or define _ALLOW_RTCc_IN_STL to acknowledge that you have received this warning. (compiling source file ..\src\TinyXml\tinyXmlA\tinystrA.cpp)
  tinyxmlA.cpp
C:\Program Files (x86)\Microsoft Visual Studio 14.0\VC\include\yvals.h(112): error C2338: /RTCc rejects conformant code, so it isn't supported by the C++ Standard Library. Either remove this compiler option, or define _ALLOW_RTCc_IN_STL to acknowledge that you have received this warning. (compiling source file ..\src\TinyXml\tinyXmlA\tinyxmlA.cpp)
  tinyxmlerror.cpp
C:\Program Files (x86)\Microsoft Visual Studio 14.0\VC\include\yvals.h(112): error C2338: /RTCc rejects conformant code, so it isn't supported by the C++ Standard Library. Either remove this compiler option, or define _ALLOW_RTCc_IN_STL to acknowledge that you have received this warning. (compiling source file ..\src\TinyXml\tinyxmlerror.cpp)
  tinyxmlerrorA.cpp
  tinyxmlparser.cpp
C:\Program Files (x86)\Microsoft Visual Studio 14.0\VC\include\yvals.h(112): error C2338: /RTCc rejects conformant code, so it isn't supported by the C++ Standard Library. Either remove this compiler option, or define _ALLOW_RTCc_IN_STL to acknowledge that you have received this warning. (compiling source file ..\src\TinyXml\tinyxmlparser.cpp)
C:\Program Files (x86)\Microsoft Visual Studio 14.0\VC\include\yvals.h(112): error C2338: /RTCc rejects conformant code, so it isn't supported by the C++ Standard Library. Either remove this compiler option, or define _ALLOW_RTCc_IN_STL to acknowledge that you have received this warning. (compiling source file ..\src\TinyXml\tinyXmlA\tinyxmlerrorA.cpp)
  tinyxmlparserA.cpp
C:\Program Files (x86)\Microsoft Visual Studio 14.0\VC\include\yvals.h(112): error C2338: /RTCc rejects conformant code, so it isn't supported by the C++ Standard Library. Either remove this compiler option, or define _ALLOW_RTCc_IN_STL to acknowledge that you have received this warning. (compiling source file ..\src\TinyXml\tinyXmlA\tinyxmlparserA.cpp)
  ToolBar.cpp
C:\Program Files (x86)\Microsoft Visual Studio 14.0\VC\include\yvals.h(112): error C2338: /RTCc rejects conformant code, so it isn't supported by the C++ Standard Library. Either remove this compiler option, or define _ALLOW_RTCc_IN_STL to acknowledge that you have received this warning. (compiling source file ..\src\WinControls\ToolBar\ToolBar.cpp)
  ToolTip.cpp
C:\Program Files (x86)\Microsoft Visual Studio 14.0\VC\include\yvals.h(112): error C2338: /RTCc rejects conformant code, so it isn't supported by the C++ Standard Library. Either remove this compiler option, or define _ALLOW_RTCc_IN_STL to acknowledge that you have received this warning. (compiling source file ..\src\WinControls\ToolTip\ToolTip.cpp)
  trayIconControler.cpp
  TreeView.cpp
  uchardet.cpp
C:\Program Files (x86)\Microsoft Visual Studio 14.0\VC\include\yvals.h(112): error C2338: /RTCc rejects conformant code, so it isn't supported by the C++ Standard Library. Either remove this compiler option, or define _ALLOW_RTCc_IN_STL to acknowledge that you have received this warning. (compiling source file ..\src\uchardet\uchardet.cpp)
  UniConversion.cpp
  URLCtrl.cpp
C:\Program Files (x86)\Microsoft Visual Studio 14.0\VC\include\yvals.h(112): error C2338: /RTCc rejects conformant code, so it isn't supported by the C++ Standard Library. Either remove this compiler option, or define _ALLOW_RTCc_IN_STL to acknowledge that you have received this warning. (compiling source file ..\src\WinControls\ProjectPanel\TreeView.cpp)
  UserDefineDialog.cpp
C:\Program Files (x86)\Microsoft Visual Studio 14.0\VC\include\yvals.h(112): error C2338: /RTCc rejects conformant code, so it isn't supported by the C++ Standard Library. Either remove this compiler option, or define _ALLOW_RTCc_IN_STL to acknowledge that you have received this warning. (compiling source file ..\src\ScitillaComponent\UserDefineDialog.cpp)
  Utf8_16.cpp
C:\Program Files (x86)\Microsoft Visual Studio 14.0\VC\include\yvals.h(112): error C2338: /RTCc rejects conformant code, so it isn't supported by the C++ Standard Library. Either remove this compiler option, or define _ALLOW_RTCc_IN_STL to acknowledge that you have received this warning. (compiling source file ..\src\WinControls\AboutDlg\URLCtrl.cpp)
C:\Program Files (x86)\Microsoft Visual Studio 14.0\VC\include\yvals.h(112): error C2338: /RTCc rejects conformant code, so it isn't supported by the C++ Standard Library. Either remove this compiler option, or define _ALLOW_RTCc_IN_STL to acknowledge that you have received this warning. (compiling source file ..\src\Utf8_16.cpp)
  VerticalFileSwitcher.cpp
  VerticalFileSwitcherListView.cpp
C:\Program Files (x86)\Microsoft Visual Studio 14.0\VC\include\yvals.h(112): error C2338: /RTCc rejects conformant code, so it isn't supported by the C++ Standard Library. Either remove this compiler option, or define _ALLOW_RTCc_IN_STL to acknowledge that you have received this warning. (compiling source file ..\src\WinControls\VerticalFileSwitcher\VerticalFileSwitcher.cpp)
C:\Program Files (x86)\Microsoft Visual Studio 14.0\VC\include\yvals.h(112): error C2338: /RTCc rejects conformant code, so it isn't supported by the C++ Standard Library. Either remove this compiler option, or define _ALLOW_RTCc_IN_STL to acknowledge that you have received this warning. (compiling source file ..\src\WinControls\VerticalFileSwitcher\VerticalFileSwitcherListView.cpp)
  Win32Exception.cpp
C:\Program Files (x86)\Microsoft Visual Studio 14.0\VC\include\yvals.h(112): error C2338: /RTCc rejects conformant code, so it isn't supported by the C++ Standard Library. Either remove this compiler option, or define _ALLOW_RTCc_IN_STL to acknowledge that you have received this warning. (compiling source file ..\src\MISC\Exception\Win32Exception.cpp)
  WindowsDlg.cpp
C:\Program Files (x86)\Microsoft Visual Studio 14.0\VC\include\yvals.h(112): error C2338: /RTCc rejects conformant code, so it isn't supported by the C++ Standard Library. Either remove this compiler option, or define _ALLOW_RTCc_IN_STL to acknowledge that you have received this warning. (compiling source file ..\src\WinControls\WindowsDlg\WindowsDlg.cpp)
  winmain.cpp
  WinMgr.cpp
  WinRect.cpp
C:\Program Files (x86)\Microsoft Visual Studio 14.0\VC\include\yvals.h(112): error C2338: /RTCc rejects conformant code, so it isn't supported by the C++ Standard Library. Either remove this compiler option, or define _ALLOW_RTCc_IN_STL to acknowledge that you have received this warning. (compiling source file ..\src\winmain.cpp)
  WordStyleDlg.cpp
  xmlMatchedTagsHighlighter.cpp
C:\Program Files (x86)\Microsoft Visual Studio 14.0\VC\include\yvals.h(112): error C2338: /RTCc rejects conformant code, so it isn't supported by the C++ Standard Library. Either remove this compiler option, or define _ALLOW_RTCc_IN_STL to acknowledge that you have received this warning. (compiling source file ..\src\ScitillaComponent\xmlMatchedTagsHighlighter.cpp)
  fileBrowser.cpp
C:\Program Files (x86)\Microsoft Visual Studio 14.0\VC\include\yvals.h(112): error C2338: /RTCc rejects conformant code, so it isn't supported by the C++ Standard Library. Either remove this compiler option, or define _ALLOW_RTCc_IN_STL to acknowledge that you have received this warning. (compiling source file ..\src\WinControls\ColourPicker\WordStyleDlg.cpp)
C:\Program Files (x86)\Microsoft Visual Studio 14.0\VC\include\yvals.h(112): error C2338: /RTCc rejects conformant code, so it isn't supported by the C++ Standard Library. Either remove this compiler option, or define _ALLOW_RTCc_IN_STL to acknowledge that you have received this warning. (compiling source file ..\src\WinControls\FileBrowser\fileBrowser.cpp)
  ReadDirectoryChanges.cpp
  ReadDirectoryChangesPrivate.cpp
C:\Program Files (x86)\Microsoft Visual Studio 14.0\VC\include\yvals.h(112): error C2338: /RTCc rejects conformant code, so it isn't supported by the C++ Standard Library. Either remove this compiler option, or define _ALLOW_RTCc_IN_STL to acknowledge that you have received this warning. (compiling source file ..\src\WinControls\ReadDirectoryChanges\ReadDirectoryChanges.cpp)
C:\Program Files (x86)\Microsoft Visual Studio 14.0\VC\include\yvals.h(112): error C2338: /RTCc rejects conformant code, so it isn't supported by the C++ Standard Library. Either remove this compiler option, or define _ALLOW_RTCc_IN_STL to acknowledge that you have received this warning. (compiling source file ..\src\WinControls\ReadDirectoryChanges\ReadDirectoryChangesPrivate.cpp)
