  LongRunningOperation.cpp
  mutex.cpp
  AboutDlg.cpp
  ansiCharPanel.cpp
C:\Program Files (x86)\Microsoft Visual Studio 14.0\VC\include\yvals.h(112): error C2338: /RTCc rejects conformant code, so it isn't supported by the C++ Standard Library. Either remove this compiler option, or define _ALLOW_RTCc_IN_STL to acknowledge that you have received this warning. (compiling source file ..\src\MISC\Common\mutex.cpp)
C:\Program Files (x86)\Microsoft Visual Studio 14.0\VC\include\yvals.h(112): error C2338: /RTCc rejects conformant code, so it isn't supported by the C++ Standard Library. Either remove this compiler option, or define _ALLOW_RTCc_IN_STL to acknowledge that you have received this warning. (compiling source file ..\src\WinControls\AnsiCharPanel\ansiCharPanel.cpp)
  AutoCompletion.cpp
C:\Program Files (x86)\Microsoft Visual Studio 14.0\VC\include\yvals.h(112): error C2338: /RTCc rejects conformant code, so it isn't supported by the C++ Standard Library. Either remove this compiler option, or define _ALLOW_RTCc_IN_STL to acknowledge that you have received this warning. (compiling source file ..\src\ScitillaComponent\AutoCompletion.cpp)
C:\Program Files (x86)\Microsoft Visual Studio 14.0\VC\include\yvals.h(112): error C2338: /RTCc rejects conformant code, so it isn't supported by the C++ Standard Library. Either remove this compiler option, or define _ALLOW_RTCc_IN_STL to acknowledge that you have received this warning. (compiling source file ..\src\WinControls\AboutDlg\AboutDlg.cpp)
  BabyGrid.cpp
  BabyGridWrapper.cpp
C:\Program Files (x86)\Microsoft Visual Studio 14.0\VC\include\yvals.h(112): error C2338: /RTCc rejects conformant code, so it isn't supported by the C++ Standard Library. Either remove this compiler option, or define _ALLOW_RTCc_IN_STL to acknowledge that you have received this warning. (compiling source file ..\src\WinControls\Grid\BabyGrid.cpp)
  Buffer.cpp
C:\Program Files (x86)\Microsoft Visual Studio 14.0\VC\include\yvals.h(112): error C2338: /RTCc rejects conformant code, so it isn't supported by the C++ Standard Library. Either remove this compiler option, or define _ALLOW_RTCc_IN_STL to acknowledge that you have received this warning. (compiling source file ..\src\ScitillaComponent\Buffer.cpp)
..\src\WinControls\Grid\BabyGridWrapper.cpp(47): warning C4312: 'reinterpret_cast': conversion from 'int' to 'HMENU' of greater size
  CharDistribution.cpp
  clipboardHistoryPanel.cpp
  ColourPicker.cpp
..\src\WinControls\Grid\BabyGrid.cpp(152): warning C4311: 'type cast': pointer truncation from 'HMENU' to 'UINT'
..\src\WinControls\Grid\BabyGrid.cpp(152): warning C4302: 'type cast': truncation from 'HMENU' to 'UINT'
..\src\WinControls\Grid\BabyGrid.cpp(612): warning C4311: 'type cast': pointer truncation from 'HMENU' to 'UINT'
..\src\WinControls\Grid\BabyGrid.cpp(612): warning C4302: 'type cast': truncation from 'HMENU' to 'UINT'
..\src\WinControls\Grid\BabyGrid.cpp(1344): warning C4311: 'type cast': pointer truncation from 'HMENU' to 'UINT'
..\src\WinControls\Grid\BabyGrid.cpp(1344): warning C4302: 'type cast': truncation from 'HMENU' to 'UINT'
..\src\WinControls\Grid\BabyGrid.cpp(1556): warning C4311: 'type cast': pointer truncation from 'HMENU' to 'UINT'
..\src\WinControls\Grid\BabyGrid.cpp(1556): warning C4302: 'type cast': truncation from 'HMENU' to 'UINT'
..\src\WinControls\Grid\BabyGrid.cpp(1640): warning C4311: 'type cast': pointer truncation from 'HMENU' to 'UINT'
..\src\WinControls\Grid\BabyGrid.cpp(1640): warning C4302: 'type cast': truncation from 'HMENU' to 'UINT'
..\src\WinControls\Grid\BabyGrid.cpp(1779): warning C4311: 'reinterpret_cast': pointer truncation from 'HMENU' to 'UINT'
..\src\WinControls\Grid\BabyGrid.cpp(1779): warning C4302: 'reinterpret_cast': truncation from 'HMENU' to 'UINT'
..\src\WinControls\Grid\BabyGrid.cpp(1843): warning C4311: 'type cast': pointer truncation from 'HMENU' to 'UINT'
..\src\WinControls\Grid\BabyGrid.cpp(1843): warning C4302: 'type cast': truncation from 'HMENU' to 'UINT'
..\src\WinControls\Grid\BabyGrid.cpp(1935): warning C4311: 'type cast': pointer truncation from 'HMENU' to 'UINT'
..\src\WinControls\Grid\BabyGrid.cpp(1935): warning C4302: 'type cast': truncation from 'HMENU' to 'UINT'
..\src\WinControls\Grid\BabyGrid.cpp(1963): warning C4311: 'type cast': pointer truncation from 'HMENU' to 'UINT'
..\src\WinControls\Grid\BabyGrid.cpp(1963): warning C4302: 'type cast': truncation from 'HMENU' to 'UINT'
..\src\WinControls\Grid\BabyGrid.cpp(2938): warning C4311: 'type cast': pointer truncation from 'HMENU' to 'UINT'
..\src\WinControls\Grid\BabyGrid.cpp(2938): warning C4302: 'type cast': truncation from 'HMENU' to 'UINT'
..\src\WinControls\Grid\BabyGrid.cpp(2956): warning C4311: 'type cast': pointer truncation from 'HMENU' to 'UINT'
..\src\WinControls\Grid\BabyGrid.cpp(2956): warning C4302: 'type cast': truncation from 'HMENU' to 'UINT'
..\src\WinControls\Grid\BabyGrid.cpp(3122): warning C4311: 'type cast': pointer truncation from 'HMENU' to 'UINT'
..\src\WinControls\Grid\BabyGrid.cpp(3122): warning C4302: 'type cast': truncation from 'HMENU' to 'UINT'
..\src\WinControls\Grid\BabyGrid.cpp(3143): warning C4311: 'type cast': pointer truncation from 'HMENU' to 'UINT'
..\src\WinControls\Grid\BabyGrid.cpp(3143): warning C4302: 'type cast': truncation from 'HMENU' to 'UINT'
  ColourPopup.cpp
C:\Program Files (x86)\Microsoft Visual Studio 14.0\VC\include\yvals.h(112): error C2338: /RTCc rejects conformant code, so it isn't supported by the C++ Standard Library. Either remove this compiler option, or define _ALLOW_RTCc_IN_STL to acknowledge that you have received this warning. (compiling source file ..\src\WinControls\ColourPicker\ColourPicker.cpp)
C:\Program Files (x86)\Microsoft Visual Studio 14.0\VC\include\yvals.h(112): error C2338: /RTCc rejects conformant code, so it isn't supported by the C++ Standard Library. Either remove this compiler option, or define _ALLOW_RTCc_IN_STL to acknowledge that you have received this warning. (compiling source file ..\src\WinControls\ColourPicker\ColourPopup.cpp)
C:\Program Files (x86)\Microsoft Visual Studio 14.0\VC\include\yvals.h(112): error C2338: /RTCc rejects conformant code, so it isn't supported by the C++ Standard Library. Either remove this compiler option, or define _ALLOW_RTCc_IN_STL to acknowledge that you have received this warning. (compiling source file ..\src\WinControls\ClipboardHistory\clipboardHistoryPanel.cpp)
  columnEditor.cpp
C:\Program Files (x86)\Microsoft Visual Studio 14.0\VC\include\yvals.h(112): error C2338: /RTCc rejects conformant code, so it isn't supported by the C++ Standard Library. Either remove this compiler option, or define _ALLOW_RTCc_IN_STL to acknowledge that you have received this warning. (compiling source file ..\src\ScitillaComponent\columnEditor.cpp)
  Common.cpp
C:\Program Files (x86)\Microsoft Visual Studio 14.0\VC\include\yvals.h(112): error C2338: /RTCc rejects conformant code, so it isn't supported by the C++ Standard Library. Either remove this compiler option, or define _ALLOW_RTCc_IN_STL to acknowledge that you have received this warning. (compiling source file ..\src\MISC\Common\Common.cpp)
  ContextMenu.cpp
  ControlsTab.cpp
C:\Program Files (x86)\Microsoft Visual Studio 14.0\VC\include\yvals.h(112): error C2338: /RTCc rejects conformant code, so it isn't supported by the C++ Standard Library. Either remove this compiler option, or define _ALLOW_RTCc_IN_STL to acknowledge that you have received this warning. (compiling source file ..\src\WinControls\ContextMenu\ContextMenu.cpp)
C:\Program Files (x86)\Microsoft Visual Studio 14.0\VC\include\yvals.h(112): error C2338: /RTCc rejects conformant code, so it isn't supported by the C++ Standard Library. Either remove this compiler option, or define _ALLOW_RTCc_IN_STL to acknowledge that you have received this warning. (compiling source file ..\src\WinControls\TabBar\ControlsTab.cpp)
  DockingCont.cpp
  DockingManager.cpp
C:\Program Files (x86)\Microsoft Visual Studio 14.0\VC\include\yvals.h(112): error C2338: /RTCc rejects conformant code, so it isn't supported by the C++ Standard Library. Either remove this compiler option, or define _ALLOW_RTCc_IN_STL to acknowledge that you have received this warning. (compiling source file ..\src\WinControls\DockingWnd\DockingManager.cpp)
  DockingSplitter.cpp
C:\Program Files (x86)\Microsoft Visual Studio 14.0\VC\include\yvals.h(112): error C2338: /RTCc rejects conformant code, so it isn't supported by the C++ Standard Library. Either remove this compiler option, or define _ALLOW_RTCc_IN_STL to acknowledge that you have received this warning. (compiling source file ..\src\WinControls\DockingWnd\DockingSplitter.cpp)
C:\Program Files (x86)\Microsoft Visual Studio 14.0\VC\include\yvals.h(112): error C2338: /RTCc rejects conformant code, so it isn't supported by the C++ Standard Library. Either remove this compiler option, or define _ALLOW_RTCc_IN_STL to acknowledge that you have received this warning. (compiling source file ..\src\WinControls\DockingWnd\DockingCont.cpp)
  DocTabView.cpp
C:\Program Files (x86)\Microsoft Visual Studio 14.0\VC\include\yvals.h(112): error C2338: /RTCc rejects conformant code, so it isn't supported by the C++ Standard Library. Either remove this compiler option, or define _ALLOW_RTCc_IN_STL to acknowledge that you have received this warning. (compiling source file ..\src\ScitillaComponent\DocTabView.cpp)
  documentMap.cpp
  EncodingMapper.cpp
  FileDialog.cpp
  FindCharsInRange.cpp
C:\Program Files (x86)\Microsoft Visual Studio 14.0\VC\include\yvals.h(112): error C2338: /RTCc rejects conformant code, so it isn't supported by the C++ Standard Library. Either remove this compiler option, or define _ALLOW_RTCc_IN_STL to acknowledge that you have received this warning. (compiling source file ..\src\WinControls\DocumentMap\documentMap.cpp)
C:\Program Files (x86)\Microsoft Visual Studio 14.0\VC\include\yvals.h(112): error C2338: /RTCc rejects conformant code, so it isn't supported by the C++ Standard Library. Either remove this compiler option, or define _ALLOW_RTCc_IN_STL to acknowledge that you have received this warning. (compiling source file ..\src\WinControls\OpenSaveFileDialog\FileDialog.cpp)
  FindReplaceDlg.cpp
C:\Program Files (x86)\Microsoft Visual Studio 14.0\VC\include\yvals.h(112): error C2338: /RTCc rejects conformant code, so it isn't supported by the C++ Standard Library. Either remove this compiler option, or define _ALLOW_RTCc_IN_STL to acknowledge that you have received this warning. (compiling source file ..\src\WinControls\FindCharsInRange\FindCharsInRange.cpp)
C:\Program Files (x86)\Microsoft Visual Studio 14.0\VC\include\yvals.h(112): error C2338: /RTCc rejects conformant code, so it isn't supported by the C++ Standard Library. Either remove this compiler option, or define _ALLOW_RTCc_IN_STL to acknowledge that you have received this warning. (compiling source file ..\src\ScitillaComponent\FindReplaceDlg.cpp)
  FunctionCallTip.cpp
  functionListPanel.cpp
  functionParser.cpp
C:\Program Files (x86)\Microsoft Visual Studio 14.0\VC\include\yvals.h(112): error C2338: /RTCc rejects conformant code, so it isn't supported by the C++ Standard Library. Either remove this compiler option, or define _ALLOW_RTCc_IN_STL to acknowledge that you have received this warning. (compiling source file ..\src\ScitillaComponent\FunctionCallTip.cpp)
C:\Program Files (x86)\Microsoft Visual Studio 14.0\VC\include\yvals.h(112): error C2338: /RTCc rejects conformant code, so it isn't supported by the C++ Standard Library. Either remove this compiler option, or define _ALLOW_RTCc_IN_STL to acknowledge that you have received this warning. (compiling source file ..\src\WinControls\FunctionList\functionListPanel.cpp)
C:\Program Files (x86)\Microsoft Visual Studio 14.0\VC\include\yvals.h(112): error C2338: /RTCc rejects conformant code, so it isn't supported by the C++ Standard Library. Either remove this compiler option, or define _ALLOW_RTCc_IN_STL to acknowledge that you have received this warning. (compiling source file ..\src\WinControls\FunctionList\functionParser.cpp)
  GoToLineDlg.cpp
  Gripper.cpp
C:\Program Files (x86)\Microsoft Visual Studio 14.0\VC\include\yvals.h(112): error C2338: /RTCc rejects conformant code, so it isn't supported by the C++ Standard Library. Either remove this compiler option, or define _ALLOW_RTCc_IN_STL to acknowledge that you have received this warning. (compiling source file ..\src\WinControls\DockingWnd\Gripper.cpp)
C:\Program Files (x86)\Microsoft Visual Studio 14.0\VC\include\yvals.h(112): error C2338: /RTCc rejects conformant code, so it isn't supported by the C++ Standard Library. Either remove this compiler option, or define _ALLOW_RTCc_IN_STL to acknowledge that you have received this warning. (compiling source file ..\src\ScitillaComponent\GoToLineDlg.cpp)
  IDAllocator.cpp
  ImageListSet.cpp
C:\Program Files (x86)\Microsoft Visual Studio 14.0\VC\include\yvals.h(112): error C2338: /RTCc rejects conformant code, so it isn't supported by the C++ Standard Library. Either remove this compiler option, or define _ALLOW_RTCc_IN_STL to acknowledge that you have received this warning. (compiling source file ..\src\WinControls\ImageListSet\ImageListSet.cpp)
  JpCntx.cpp
  LangBulgarianModel.cpp
  LangCyrillicModel.cpp
  LangGreekModel.cpp
  LangHebrewModel.cpp
  LangHungarianModel.cpp
  LangThaiModel.cpp
  lastRecentFileList.cpp
  lesDlgs.cpp
C:\Program Files (x86)\Microsoft Visual Studio 14.0\VC\include\yvals.h(112): error C2338: /RTCc rejects conformant code, so it isn't supported by the C++ Standard Library. Either remove this compiler option, or define _ALLOW_RTCc_IN_STL to acknowledge that you have received this warning. (compiling source file ..\src\lastRecentFileList.cpp)
C:\Program Files (x86)\Microsoft Visual Studio 14.0\VC\include\yvals.h(112): error C2338: /RTCc rejects conformant code, so it isn't supported by the C++ Standard Library. Either remove this compiler option, or define _ALLOW_RTCc_IN_STL to acknowledge that you have received this warning. (compiling source file ..\src\lesDlgs.cpp)
  ListView.cpp
C:\Program Files (x86)\Microsoft Visual Studio 14.0\VC\include\yvals.h(112): error C2338: /RTCc rejects conformant code, so it isn't supported by the C++ Standard Library. Either remove this compiler option, or define _ALLOW_RTCc_IN_STL to acknowledge that you have received this warning. (compiling source file ..\src\WinControls\AnsiCharPanel\ListView.cpp)
  localization.cpp
  MiniDumper.cpp
  Notepad_plus.cpp
C:\Program Files (x86)\Microsoft Visual Studio 14.0\VC\include\yvals.h(112): error C2338: /RTCc rejects conformant code, so it isn't supported by the C++ Standard Library. Either remove this compiler option, or define _ALLOW_RTCc_IN_STL to acknowledge that you have received this warning. (compiling source file ..\src\localization.cpp)
  Notepad_plus_Window.cpp
C:\Program Files (x86)\Microsoft Visual Studio 14.0\VC\include\yvals.h(112): error C2338: /RTCc rejects conformant code, so it isn't supported by the C++ Standard Library. Either remove this compiler option, or define _ALLOW_RTCc_IN_STL to acknowledge that you have received this warning. (compiling source file ..\src\Notepad_plus.cpp)
  NppBigSwitch.cpp
C:\Program Files (x86)\Microsoft Visual Studio 14.0\VC\include\yvals.h(112): error C2338: /RTCc rejects conformant code, so it isn't supported by the C++ Standard Library. Either remove this compiler option, or define _ALLOW_RTCc_IN_STL to acknowledge that you have received this warning. (compiling source file ..\src\NppBigSwitch.cpp)
C:\Program Files (x86)\Microsoft Visual Studio 14.0\VC\include\yvals.h(112): error C2338: /RTCc rejects conformant code, so it isn't supported by the C++ Standard Library. Either remove this compiler option, or define _ALLOW_RTCc_IN_STL to acknowledge that you have received this warning. (compiling source file ..\src\Notepad_plus_Window.cpp)
  NppCommands.cpp
C:\Program Files (x86)\Microsoft Visual Studio 14.0\VC\include\yvals.h(112): error C2338: /RTCc rejects conformant code, so it isn't supported by the C++ Standard Library. Either remove this compiler option, or define _ALLOW_RTCc_IN_STL to acknowledge that you have received this warning. (compiling source file ..\src\NppCommands.cpp)
..\src\Notepad_plus.cpp(65): error C2059: syntax error: '{'
..\src\Notepad_plus.cpp(65): error C2143: syntax error: missing ';' before '{'
..\src\Notepad_plus.cpp(65): error C2447: '{': missing function header (old-style formal list?)
..\src\Notepad_plus.cpp(65): error C2059: syntax error: ','
..\src\Notepad_plus.cpp(66): error C2143: syntax error: missing ';' before '{'
..\src\Notepad_plus.cpp(66): error C2447: '{': missing function header (old-style formal list?)
..\src\Notepad_plus.cpp(66): error C2059: syntax error: ','
..\src\Notepad_plus.cpp(67): error C2143: syntax error: missing ';' before '{'
..\src\Notepad_plus.cpp(67): error C2447: '{': missing function header (old-style formal list?)
..\src\Notepad_plus.cpp(67): error C2059: syntax error: ','
..\src\Notepad_plus.cpp(68): error C2143: syntax error: missing ';' before '{'
..\src\Notepad_plus.cpp(68): error C2447: '{': missing function header (old-style formal list?)
..\src\Notepad_plus.cpp(68): error C2059: syntax error: ','
..\src\Notepad_plus.cpp(69): error C2143: syntax error: missing ';' before '{'
..\src\Notepad_plus.cpp(69): error C2447: '{': missing function header (old-style formal list?)
..\src\Notepad_plus.cpp(69): error C2059: syntax error: ','
..\src\Notepad_plus.cpp(70): error C2143: syntax error: missing ';' before '{'
..\src\Notepad_plus.cpp(70): error C2447: '{': missing function header (old-style formal list?)
..\src\Notepad_plus.cpp(70): error C2059: syntax error: ','
..\src\Notepad_plus.cpp(71): error C2143: syntax error: missing ';' before '{'
..\src\Notepad_plus.cpp(71): error C2447: '{': missing function header (old-style formal list?)
..\src\Notepad_plus.cpp(71): error C2059: syntax error: ','
..\src\Notepad_plus.cpp(74): error C2143: syntax error: missing ';' before '{'
..\src\Notepad_plus.cpp(74): error C2447: '{': missing function header (old-style formal list?)
..\src\Notepad_plus.cpp(74): error C2059: syntax error: ','
..\src\Notepad_plus.cpp(77): error C2143: syntax error: missing ';' before '{'
..\src\Notepad_plus.cpp(77): error C2447: '{': missing function header (old-style formal list?)
..\src\Notepad_plus.cpp(77): error C2059: syntax error: ','
..\src\Notepad_plus.cpp(78): error C2143: syntax error: missing ';' before '{'
..\src\Notepad_plus.cpp(78): error C2447: '{': missing function header (old-style formal list?)
..\src\Notepad_plus.cpp(78): error C2059: syntax error: ','
..\src\Notepad_plus.cpp(79): error C2143: syntax error: missing ';' before '{'
..\src\Notepad_plus.cpp(79): error C2447: '{': missing function header (old-style formal list?)
..\src\Notepad_plus.cpp(79): error C2059: syntax error: ','
..\src\Notepad_plus.cpp(82): error C2143: syntax error: missing ';' before '{'
..\src\Notepad_plus.cpp(82): error C2447: '{': missing function header (old-style formal list?)
..\src\Notepad_plus.cpp(82): error C2059: syntax error: ','
..\src\Notepad_plus.cpp(85): error C2143: syntax error: missing ';' before '{'
..\src\Notepad_plus.cpp(85): error C2447: '{': missing function header (old-style formal list?)
..\src\Notepad_plus.cpp(85): error C2059: syntax error: ','
..\src\Notepad_plus.cpp(86): error C2143: syntax error: missing ';' before '{'
..\src\Notepad_plus.cpp(86): error C2447: '{': missing function header (old-style formal list?)
..\src\Notepad_plus.cpp(86): error C2059: syntax error: ','
..\src\Notepad_plus.cpp(88): error C2143: syntax error: missing ';' before '{'
..\src\Notepad_plus.cpp(88): error C2447: '{': missing function header (old-style formal list?)
..\src\Notepad_plus.cpp(88): error C2059: syntax error: ','
..\src\Notepad_plus.cpp(91): error C2143: syntax error: missing ';' before '{'
..\src\Notepad_plus.cpp(91): error C2447: '{': missing function header (old-style formal list?)
..\src\Notepad_plus.cpp(91): error C2059: syntax error: ','
..\src\Notepad_plus.cpp(92): error C2143: syntax error: missing ';' before '{'
..\src\Notepad_plus.cpp(92): error C2447: '{': missing function header (old-style formal list?)
..\src\Notepad_plus.cpp(92): error C2059: syntax error: ','
..\src\Notepad_plus.cpp(95): error C2143: syntax error: missing ';' before '{'
..\src\Notepad_plus.cpp(95): error C2447: '{': missing function header (old-style formal list?)
..\src\Notepad_plus.cpp(95): error C2059: syntax error: ','
..\src\Notepad_plus.cpp(97): error C2143: syntax error: missing ';' before '{'
..\src\Notepad_plus.cpp(97): error C2447: '{': missing function header (old-style formal list?)
..\src\Notepad_plus.cpp(97): error C2059: syntax error: ','
..\src\Notepad_plus.cpp(98): error C2143: syntax error: missing ';' before '{'
..\src\Notepad_plus.cpp(98): error C2447: '{': missing function header (old-style formal list?)
..\src\Notepad_plus.cpp(98): error C2059: syntax error: ','
..\src\Notepad_plus.cpp(101): error C2143: syntax error: missing ';' before '{'
..\src\Notepad_plus.cpp(101): error C2447: '{': missing function header (old-style formal list?)
..\src\Notepad_plus.cpp(101): error C2059: syntax error: ','
..\src\Notepad_plus.cpp(103): error C2143: syntax error: missing ';' before '{'
..\src\Notepad_plus.cpp(103): error C2447: '{': missing function header (old-style formal list?)
..\src\Notepad_plus.cpp(103): error C2059: syntax error: ','
..\src\Notepad_plus.cpp(104): error C2143: syntax error: missing ';' before '{'
..\src\Notepad_plus.cpp(104): error C2447: '{': missing function header (old-style formal list?)
..\src\Notepad_plus.cpp(104): error C2059: syntax error: ','
..\src\Notepad_plus.cpp(107): error C2143: syntax error: missing ';' before '{'
..\src\Notepad_plus.cpp(107): error C2447: '{': missing function header (old-style formal list?)
..\src\Notepad_plus.cpp(107): error C2059: syntax error: ','
..\src\Notepad_plus.cpp(109): error C2143: syntax error: missing ';' before '{'
..\src\Notepad_plus.cpp(109): error C2447: '{': missing function header (old-style formal list?)
..\src\Notepad_plus.cpp(109): error C2059: syntax error: ','
..\src\Notepad_plus.cpp(110): error C2143: syntax error: missing ';' before '{'
..\src\Notepad_plus.cpp(110): error C2447: '{': missing function header (old-style formal list?)
..\src\Notepad_plus.cpp(110): error C2059: syntax error: ','
..\src\Notepad_plus.cpp(111): error C2143: syntax error: missing ';' before '{'
..\src\Notepad_plus.cpp(111): error C2447: '{': missing function header (old-style formal list?)
..\src\Notepad_plus.cpp(111): error C2059: syntax error: ','
..\src\Notepad_plus.cpp(112): error C2143: syntax error: missing ';' before '{'
..\src\Notepad_plus.cpp(112): error C2447: '{': missing function header (old-style formal list?)
..\src\Notepad_plus.cpp(112): error C2059: syntax error: ','
..\src\Notepad_plus.cpp(113): error C2143: syntax error: missing ';' before '{'
..\src\Notepad_plus.cpp(113): error C2447: '{': missing function header (old-style formal list?)
..\src\Notepad_plus.cpp(113): error C2059: syntax error: ','
..\src\Notepad_plus.cpp(114): error C2143: syntax error: missing ';' before '{'
..\src\Notepad_plus.cpp(114): error C2447: '{': missing function header (old-style formal list?)
..\src\Notepad_plus.cpp(114): error C2059: syntax error: ','
..\src\Notepad_plus.cpp(115): error C2143: syntax error: missing ';' before '{'
..\src\Notepad_plus.cpp(115): error C2447: '{': missing function header (old-style formal list?)
..\src\Notepad_plus.cpp(115): error C2059: syntax error: ','
..\src\Notepad_plus.cpp(116): error C2143: syntax error: missing ';' before '{'
..\src\Notepad_plus.cpp(116): error C2447: '{': missing function header (old-style formal list?)
..\src\Notepad_plus.cpp(116): error C2059: syntax error: ','
..\src\Notepad_plus.cpp(119): error C2143: syntax error: missing ';' before '{'
..\src\Notepad_plus.cpp(119): error C2447: '{': missing function header (old-style formal list?)
..\src\Notepad_plus.cpp(119): error C2059: syntax error: ','
..\src\Notepad_plus.cpp(119): fatal error C1003: error count exceeds 100; stopping compilation
  NppIO.cpp
  NppNotification.cpp
C:\Program Files (x86)\Microsoft Visual Studio 14.0\VC\include\yvals.h(112): error C2338: /RTCc rejects conformant code, so it isn't supported by the C++ Standard Library. Either remove this compiler option, or define _ALLOW_RTCc_IN_STL to acknowledge that you have received this warning. (compiling source file ..\src\NppNotification.cpp)
  nsBig5Prober.cpp
  nsCharSetProber.cpp
C:\Program Files (x86)\Microsoft Visual Studio 14.0\VC\include\yvals.h(112): error C2338: /RTCc rejects conformant code, so it isn't supported by the C++ Standard Library. Either remove this compiler option, or define _ALLOW_RTCc_IN_STL to acknowledge that you have received this warning. (compiling source file ..\src\NppIO.cpp)
  nsEscCharsetProber.cpp
  nsEscSM.cpp
  nsEUCJPProber.cpp
  nsEUCKRProber.cpp
  nsEUCTWProber.cpp
  nsGB2312Prober.cpp
  nsHebrewProber.cpp
  nsLatin1Prober.cpp
  nsMBCSGroupProber.cpp
  nsMBCSSM.cpp
  nsSBCharSetProber.cpp
  nsSBCSGroupProber.cpp
  nsSJISProber.cpp
  nsUniversalDetector.cpp
  nsUTF8Prober.cpp
  Parameters.cpp
  PluginsManager.cpp
